<?xml version="1.0" encoding="UTF-8"?>
<!-- Generated by org.testng.reporters.JUnitXMLReporter -->
<testsuite ignored="0" hostname="DESKTOP-IHJP9RL" failures="0" tests="4" name="Test" time="31.089" errors="0" timestamp="2024-12-14T16:18:34 IST">
  <testcase classname="api.test.UserTests2" name="postUser" time="15.278"/>
  <testcase classname="api.test.UserTests2" name="getUserByName" time="2.372"/>
  <testcase classname="api.test.UserTests2" name="updateUserByName" time="4.139"/>
  <testcase classname="api.test.UserTests2" name="deleteUserByName" time="1.655"/>
</testsuite> <!-- Test -->
