<?xml version="1.0" encoding="UTF-8"?>
<testsuite xmlns:xsi="http://www.w3.org/2001/XMLSchema-instance" xsi:noNamespaceSchemaLocation="https://maven.apache.org/surefire/maven-surefire-plugin/xsd/surefire-test-report.xsd" version="3.0.2" name="TestSuite" time="37.269" tests="4" errors="0" skipped="0" failures="0">
  <properties>
[...]
</properties>
  <testcase name="postUser" classname="api.test.UserTests2" time="12.532">
    <system-out><![CDATA[2024-12-14T10:48:05.885346100Z main DEBUG Apache Log4j Core 2.24 initializing configuration XmlConfiguration[location=C:\Users\LENOVO\eclipse-workspace\PetStoreAutomation_1001\target\test-classes\log4j2.xml, lastModified=2024-11-28T14:51:24.358Z]
2024-12-14T10:48:05.894342700Z main DEBUG PluginManager 'Core' found 131 plugins
2024-12-14T10:48:05.895340400Z main DEBUG PluginManager 'Level' found 0 plugins
2024-12-14T10:48:05.945885700Z main DEBUG Building Plugin[name=Property, class=org.apache.logging.log4j.core.config.Property].
2024-12-14T10:48:06.061886500Z main DEBUG PluginManager 'TypeConverter' found 26 plugins
2024-12-14T10:48:06.114881200Z main DEBUG createProperty(name="basePath", value="./logs", Configuration(C:\Users\LENOVO\eclipse-workspace\PetStoreAutomation_1001\target\test-classes\log4j2.xml))
2024-12-14T10:48:06.117890800Z main DEBUG Building Plugin[name=Properties, class=org.apache.logging.log4j.core.config.PropertiesPlugin].
2024-12-14T10:48:06.127882300Z main DEBUG configureSubstitutor(={basePath=./logs}, Configuration(C:\Users\LENOVO\eclipse-workspace\PetStoreAutomation_1001\target\test-classes\log4j2.xml))
2024-12-14T10:48:06.133884900Z main DEBUG PluginManager 'Lookup' found 16 plugins
2024-12-14T10:48:06.134883Z main DEBUG Building Plugin[name=layout, class=org.apache.logging.log4j.core.layout.PatternLayout].
2024-12-14T10:48:06.187887200Z main DEBUG PatternLayout$Builder(pattern="%d{HH:mm:ss.SSS} [%t] %-5level %logger{36} - %msg%n", PatternSelector=null, Configuration(C:\Users\LENOVO\eclipse-workspace\PetStoreAutomation_1001\target\test-classes\log4j2.xml), Replace=null, charset="null", alwaysWriteExceptions="null", disableAnsi="null", noConsoleNoAnsi="null", header="null", footer="null")
2024-12-14T10:48:06.191880600Z main DEBUG PluginManager 'Converter' found 45 plugins
2024-12-14T10:48:06.193885500Z main DEBUG Building Plugin[name=appender, class=org.apache.logging.log4j.core.appender.ConsoleAppender].
2024-12-14T10:48:06.253886300Z main DEBUG ConsoleAppender$Builder(target="SYSTEM_OUT", follow="null", direct="null", bufferedIo="null", bufferSize="null", immediateFlush="null", ignoreExceptions="null", PatternLayout(%d{HH:mm:ss.SSS} [%t] %-5level %logger{36} - %msg%n), name="Console", Configuration(C:\Users\LENOVO\eclipse-workspace\PetStoreAutomation_1001\target\test-classes\log4j2.xml), Filter=null, ={})
2024-12-14T10:48:06.260885100Z main DEBUG Starting OutputStreamManager SYSTEM_OUT.false.false
2024-12-14T10:48:06.261884200Z main DEBUG Building Plugin[name=layout, class=org.apache.logging.log4j.core.layout.PatternLayout].
2024-12-14T10:48:06.269884600Z main DEBUG PatternLayout$Builder(pattern="%d{HH:mm:ss.SSS} [%t] %-5level %logger{36} - %msg%n ", PatternSelector=null, Configuration(C:\Users\LENOVO\eclipse-workspace\PetStoreAutomation_1001\target\test-classes\log4j2.xml), Replace=null, charset="null", alwaysWriteExceptions="null", disableAnsi="null", noConsoleNoAnsi="null", header="null", footer="null")
2024-12-14T10:48:06.271880100Z main DEBUG Building Plugin[name=SizeBasedTriggeringPolicy, class=org.apache.logging.log4j.core.appender.rolling.SizeBasedTriggeringPolicy].
2024-12-14T10:48:06.287879100Z main DEBUG createPolicy(size="50000")
2024-12-14T10:48:06.291882100Z main DEBUG Building Plugin[name=appender, class=org.apache.logging.log4j.core.appender.RollingFileAppender].
2024-12-14T10:48:06.302879400Z main DEBUG RollingFileAppender$Builder(fileName="./logs/automation.log", filePattern="./logs/automation-%d{yyyy-MM-dd}.log", append="null", locking="null", SizeBasedTriggeringPolicy(SizeBasedTriggeringPolicy(size=50000)), Strategy=null, advertise="null", advertiseUri="null", createOnDemand="null", filePermissions="null", fileOwner="null", fileGroup="null", bufferedIo="null", bufferSize="null", immediateFlush="null", ignoreExceptions="null", PatternLayout(%d{HH:mm:ss.SSS} [%t] %-5level %logger{36} - %msg%n ), name="File", Configuration(C:\Users\LENOVO\eclipse-workspace\PetStoreAutomation_1001\target\test-classes\log4j2.xml), Filter=null, ={})
2024-12-14T10:48:06.333884900Z main DEBUG Returning file creation time for C:\Users\LENOVO\eclipse-workspace\PetStoreAutomation_1001\.\logs\automation.log
2024-12-14T10:48:06.335885700Z main DEBUG Starting RollingFileManager ./logs/automation.log
2024-12-14T10:48:06.342887100Z main DEBUG PluginManager 'FileConverter' found 2 plugins
2024-12-14T10:48:06.433993300Z main DEBUG Setting prev file time to 2024-12-12T19:21:32.586+0530
2024-12-14T10:48:06.434996200Z main DEBUG Initializing triggering policy SizeBasedTriggeringPolicy(size=50000)
2024-12-14T10:48:06.434996200Z main DEBUG Building Plugin[name=Appenders, class=org.apache.logging.log4j.core.config.AppendersPlugin].
2024-12-14T10:48:06.435992900Z main DEBUG createAppenders(={Console, File})
2024-12-14T10:48:06.436994700Z main DEBUG Building Plugin[name=AppenderRef, class=org.apache.logging.log4j.core.config.AppenderRef].
2024-12-14T10:48:06.437992200Z main DEBUG createAppenderRef(ref="Console", level="null", Filter=null)
2024-12-14T10:48:06.440996900Z main DEBUG Building Plugin[name=Root, class=org.apache.logging.log4j.core.config.LoggerConfig$RootLogger].
2024-12-14T10:48:06.450991300Z main DEBUG LoggerConfig$RootLogger$Builder(additivity="null", level="INFO", levelAndRefs="null", includeLocation="null", ={Console}, ={}, Configuration(C:\Users\LENOVO\eclipse-workspace\PetStoreAutomation_1001\target\test-classes\log4j2.xml), Filter=null)
2024-12-14T10:48:06.459998700Z main DEBUG Building Plugin[name=Loggers, class=org.apache.logging.log4j.core.config.LoggersPlugin].
2024-12-14T10:48:06.462994500Z main DEBUG createLoggers(={root})
2024-12-14T10:48:06.464000600Z main DEBUG Configuration XmlConfiguration[location=C:\Users\LENOVO\eclipse-workspace\PetStoreAutomation_1001\target\test-classes\log4j2.xml, lastModified=2024-11-28T14:51:24.358Z] initialized
2024-12-14T10:48:06.464000600Z main INFO Starting configuration XmlConfiguration[location=C:\Users\LENOVO\eclipse-workspace\PetStoreAutomation_1001\target\test-classes\log4j2.xml, lastModified=2024-11-28T14:51:24.358Z]...
2024-12-14T10:48:06.465992100Z main INFO Start watching for changes to C:\Users\LENOVO\eclipse-workspace\PetStoreAutomation_1001\target\test-classes\log4j2.xml every 0 seconds
2024-12-14T10:48:06.466991400Z main INFO Configuration XmlConfiguration[location=C:\Users\LENOVO\eclipse-workspace\PetStoreAutomation_1001\target\test-classes\log4j2.xml, lastModified=2024-11-28T14:51:24.358Z] started.
2024-12-14T10:48:06.507990100Z main INFO Stopping configuration org.apache.logging.log4j.core.config.DefaultConfiguration@ec2cc4...
2024-12-14T10:48:06.511016100Z main DEBUG Shutting down OutputStreamManager SYSTEM_OUT.false.false-1
2024-12-14T10:48:06.511990800Z main DEBUG OutputStream closed
2024-12-14T10:48:06.511990800Z main DEBUG Shut down OutputStreamManager SYSTEM_OUT.false.false-1, all resources released: true
2024-12-14T10:48:06.512993Z main DEBUG Appender DefaultConsole-1 stopped with status true
2024-12-14T10:48:06.512993Z main INFO Configuration org.apache.logging.log4j.core.config.DefaultConfiguration@ec2cc4 stopped.
2024-12-14T10:48:06.528990400Z main DEBUG org.apache.logging.log4j.core.util.SystemClock supports precise timestamps.
2024-12-14T10:48:06.530991200Z main DEBUG Reconfiguration complete for context[name=70dea4e] at URI C:\Users\LENOVO\eclipse-workspace\PetStoreAutomation_1001\target\test-classes\log4j2.xml (org.apache.logging.log4j.core.LoggerContext@664a9613) with optional ClassLoader: null
2024-12-14T10:48:06.534995600Z main DEBUG Shutdown hook enabled. Registering a new one.
2024-12-14T10:48:06.547005300Z main DEBUG LoggerContext[name=70dea4e, org.apache.logging.log4j.core.LoggerContext@664a9613] started OK.
16:18:08.200 [main] INFO  api.test.UserTests2 - ***** Creating user *****
HTTP/1.1 200 OK
Date: Sat, 14 Dec 2024 10:46:47 GMT
Content-Type: application/json
Transfer-Encoding: chunked
Connection: keep-alive
Access-Control-Allow-Origin: *
Access-Control-Allow-Methods: GET, POST, DELETE, PUT
Access-Control-Allow-Headers: Content-Type, api_key, Authorization
Server: Jetty(9.2.9.v20150224)

{
    "code": 200,
    "type": "unknown",
    "message": "688593710"
}
16:18:23.394 [main] INFO  api.test.UserTests2 - ***** user is Created *****
]]></system-out>
    <system-err><![CDATA[SLF4J: Failed to load class "org.slf4j.impl.StaticLoggerBinder".
SLF4J: Defaulting to no-operation (NOP) logger implementation
SLF4J: See http://www.slf4j.org/codes.html#StaticLoggerBinder for further details.
]]></system-err>
  </testcase>
  <testcase name="getUserByName" classname="api.test.UserTests2" time="2.344">
    <system-out><![CDATA[16:18:23.446 [main] INFO  api.test.UserTests2 - ***** Reading user *****
HTTP/1.1 200 OK
Date: Sat, 14 Dec 2024 10:46:50 GMT
Content-Type: application/json
Transfer-Encoding: chunked
Connection: keep-alive
Access-Control-Allow-Origin: *
Access-Control-Allow-Methods: GET, POST, DELETE, PUT
Access-Control-Allow-Headers: Content-Type, api_key, Authorization
Server: Jetty(9.2.9.v20150224)

{
    "id": 688593710,
    "username": "stephnie.tillman",
    "firstName": "Devon",
    "lastName": "Lehner",
    "email": "tynisha.collier@gmail.com",
    "password": "stlpfzxq5",
    "phone": "1-223-835-2347",
    "userStatus": 0
}
16:18:25.817 [main] INFO  api.test.UserTests2 - ***** user is readed *****
]]></system-out>
  </testcase>
  <testcase name="updateUserByName" classname="api.test.UserTests2" time="3.934">
    <system-out><![CDATA[16:18:25.822 [main] INFO  api.test.UserTests2 - ***** Updating user *****
{
    "code": 200,
    "type": "unknown",
    "message": "688593710"
}
16:18:28.308 [main] INFO  api.test.UserTests2 - ***** User is Updated *****
]]></system-out>
  </testcase>
  <testcase name="deleteUserByName" classname="api.test.UserTests2" time="1.653">
    <system-out><![CDATA[16:18:29.963 [main] INFO  api.test.UserTests2 - ***** user is deleting *****
16:18:31.616 [main] INFO  api.test.UserTests2 - ***** User is deleted *****
]]></system-out>
  </testcase>
</testsuite>