<?xml version="1.0" encoding="UTF-8"?>
<testng-results ignored="0" total="4" passed="4" failed="0" skipped="0">
  <reporter-output>
  </reporter-output>
  <suite started-at="2024-12-14T16:18:00 IST" name="Suite" finished-at="2024-12-14T16:18:31 IST" duration-ms="31089">
    <groups>
    </groups>
    <test started-at="2024-12-14T16:18:00 IST" name="Test" finished-at="2024-12-14T16:18:31 IST" duration-ms="31089">
      <class name="api.test.UserTests2">
        <test-method is-config="true" signature="setupData()[pri:0, instance:api.test.UserTests2@6b927fb]" started-at="2024-12-14T16:18:02 IST" name="setupData" finished-at="2024-12-14T16:18:07 IST" duration-ms="5263" status="PASS">
          <reporter-output>
          </reporter-output>
        </test-method> <!-- setupData -->
        <test-method signature="postUser()[pri:1, instance:api.test.UserTests2@6b927fb]" started-at="2024-12-14T16:18:08 IST" name="postUser" finished-at="2024-12-14T16:18:23 IST" duration-ms="15278" status="PASS">
          <reporter-output>
          </reporter-output>
        </test-method> <!-- postUser -->
        <test-method signature="getUserByName()[pri:2, instance:api.test.UserTests2@6b927fb]" started-at="2024-12-14T16:18:23 IST" name="getUserByName" finished-at="2024-12-14T16:18:25 IST" duration-ms="2372" status="PASS">
          <reporter-output>
          </reporter-output>
        </test-method> <!-- getUserByName -->
        <test-method signature="updateUserByName()[pri:3, instance:api.test.UserTests2@6b927fb]" started-at="2024-12-14T16:18:25 IST" name="updateUserByName" finished-at="2024-12-14T16:18:29 IST" duration-ms="4139" status="PASS">
          <reporter-output>
          </reporter-output>
        </test-method> <!-- updateUserByName -->
        <test-method signature="deleteUserByName()[pri:4, instance:api.test.UserTests2@6b927fb]" started-at="2024-12-14T16:18:29 IST" name="deleteUserByName" finished-at="2024-12-14T16:18:31 IST" duration-ms="1655" status="PASS">
          <reporter-output>
          </reporter-output>
        </test-method> <!-- deleteUserByName -->
      </class> <!-- api.test.UserTests2 -->
    </test> <!-- Test -->
  </suite> <!-- Suite -->
</testng-results>
