<?xml version="1.0" encoding="UTF-8"?>
<testng-results ignored="0" total="4" passed="4" failed="0" skipped="0">
  <reporter-output>
  </reporter-output>
  <suite started-at="2024-12-13T00:25:04 IST" name="Suite" finished-at="2024-12-13T00:25:24 IST" duration-ms="19654">
    <groups>
    </groups>
    <test started-at="2024-12-13T00:25:04 IST" name="Test" finished-at="2024-12-13T00:25:24 IST" duration-ms="19654">
      <class name="api.test.UserTests2">
        <test-method is-config="true" signature="setupData()[pri:0, instance:api.test.UserTests2@408d971b]" started-at="2024-12-13T00:25:05 IST" name="setupData" finished-at="2024-12-13T00:25:09 IST" duration-ms="3415" status="PASS">
          <reporter-output>
          </reporter-output>
        </test-method> <!-- setupData -->
        <test-method signature="postUser()[pri:1, instance:api.test.UserTests2@408d971b]" started-at="2024-12-13T00:25:09 IST" name="postUser" finished-at="2024-12-13T00:25:18 IST" duration-ms="9452" status="PASS">
          <reporter-output>
          </reporter-output>
        </test-method> <!-- postUser -->
        <test-method signature="getUserByName()[pri:2, instance:api.test.UserTests2@408d971b]" started-at="2024-12-13T00:25:18 IST" name="getUserByName" finished-at="2024-12-13T00:25:20 IST" duration-ms="1550" status="PASS">
          <reporter-output>
          </reporter-output>
        </test-method> <!-- getUserByName -->
        <test-method signature="updateUserByName()[pri:3, instance:api.test.UserTests2@408d971b]" started-at="2024-12-13T00:25:20 IST" name="updateUserByName" finished-at="2024-12-13T00:25:22 IST" duration-ms="2601" status="PASS">
          <reporter-output>
          </reporter-output>
        </test-method> <!-- updateUserByName -->
        <test-method signature="deleteUserByName()[pri:4, instance:api.test.UserTests2@408d971b]" started-at="2024-12-13T00:25:22 IST" name="deleteUserByName" finished-at="2024-12-13T00:25:24 IST" duration-ms="1301" status="PASS">
          <reporter-output>
          </reporter-output>
        </test-method> <!-- deleteUserByName -->
      </class> <!-- api.test.UserTests2 -->
    </test> <!-- Test -->
  </suite> <!-- Suite -->
</testng-results>
